<?xml version="1.0" encoding="UTF-8"?>
<!-- Generated by org.testng.reporters.JUnitReportReporter -->
<testsuite hostname="DESKTOP-6084CDG" failures="0" tests="2" name="tests.LandingPageTests" time="1.715" errors="0" timestamp="2024-11-24T13:17:24 CST" skipped="0">
  <testcase classname="tests.LandingPageTests" name="testGetStarted" time="1.096"/>
  <system-out/>
  <testcase classname="tests.LandingPageTests" name="testLandingPageLoadsSuccessfully" time="0.619"/>
  <system-out/>
</testsuite> <!-- tests.LandingPageTests -->
