<?xml version="1.0" encoding="UTF-8"?>
<!-- Generated by org.testng.reporters.JUnitReportReporter -->
<testsuite hostname="DESKTOP-6084CDG" failures="0" tests="6" name="tests.LandingPageTests" time="6.273" errors="0" timestamp="2024-11-25T09:47:18 CST" skipped="0">
  <testcase classname="tests.LandingPageTests" name="testLandingPageLoadsSuccessfully" time="0.212"/>
  <testcase classname="tests.LandingPageTests" name="testLandingPageLoadsSuccessfully" time="0.712"/>
  <testcase classname="tests.LandingPageTests" name="testGetStarted" time="1.301"/>
  <testcase classname="tests.LandingPageTests" name="testGetStarted" time="2.385"/>
  <testcase classname="tests.LandingPageTests" name="testLandingPageLoadsSuccessfully" time="0.489"/>
  <testcase classname="tests.LandingPageTests" name="testGetStarted" time="1.174"/>
</testsuite> <!-- tests.LandingPageTests -->
