<?xml version="1.0" encoding="UTF-8"?>
<!-- Generated by org.testng.reporters.JUnitReportReporter -->
<testsuite hostname="DESKTOP-6084CDG" failures="0" tests="2" name="tests.TryEditorPageTests" time="7.249" errors="0" timestamp="2024-11-25T09:47:18 CST" skipped="0">
  <testcase classname="tests.TryEditorPageTests" name="shouldRunValidPythonCode" time="4.420"/>
  <testcase classname="tests.TryEditorPageTests" name="shouldRunInvalidPythonCode" time="2.829"/>
</testsuite> <!-- tests.TryEditorPageTests -->
